2021-06-07 08:32:40,858 [Worker-0: Loading available Gradle versions] INFO  o.e.b.c.i.u.g.PublishedGradleVersions - Gradle version information cache is up-to-date. Trying to read.
2021-06-07 08:33:26,230 [Worker-8: Importing Maven projects] INFO  o.e.m.c.i.l.LifecycleMappingFactory - Using org.eclipse.m2e.jdt.JarLifecycleMapping lifecycle mapping for MavenProject: com.onlinebank:icin:0.0.1-SNAPSHOT @ C:\Users\kusha\Desktop\Capstonephase\bankportal\icin\pom.xml.
2021-06-07 08:33:29,031 [Worker-8: Importing Maven projects] INFO  o.e.m.j.i.AbstractJavaProjectConfigurator - Adding source folder /icin/src/main/java
2021-06-07 08:33:29,032 [Worker-8: Importing Maven projects] INFO  o.e.m.j.i.AbstractJavaProjectConfigurator - Adding resource folder /icin/src/main/resources
2021-06-07 08:33:29,034 [Worker-8: Importing Maven projects] INFO  o.e.m.j.i.AbstractJavaProjectConfigurator - Adding resource folder /icin/src/main/resources
2021-06-07 08:33:29,037 [Worker-8: Importing Maven projects] INFO  o.e.m.j.i.AbstractJavaProjectConfigurator - Adding source folder /icin/src/test/java
2021-06-07 08:33:29,496 [Worker-8: Importing Maven projects] INFO  o.e.m.c.i.p.ProjectConfigurationManager - Imported and configured 1 project(s) in 7 sec
2021-06-07 08:33:34,014 [Worker-13: Building workspace] INFO  o.e.m.c.i.embedder.EclipseLogger - Using 'UTF-8' encoding to copy filtered resources.
2021-06-07 08:33:34,014 [Worker-13: Building workspace] INFO  o.e.m.c.i.embedder.EclipseLogger - Using 'UTF-8' encoding to copy filtered properties files.
2021-06-07 08:33:34,021 [Worker-13: Building workspace] INFO  o.e.m.c.i.embedder.EclipseLogger - Copying 1 resource
2021-06-07 08:33:34,050 [Worker-13: Building workspace] INFO  o.e.m.c.i.embedder.EclipseLogger - Copying 41 resources
2021-06-07 08:33:34,233 [Worker-13: Building workspace] INFO  o.e.m.c.i.embedder.EclipseLogger - Using 'UTF-8' encoding to copy filtered resources.
2021-06-07 08:33:34,233 [Worker-13: Building workspace] INFO  o.e.m.c.i.embedder.EclipseLogger - Using 'UTF-8' encoding to copy filtered properties files.
2021-06-07 08:33:34,233 [Worker-13: Building workspace] INFO  o.e.m.c.i.embedder.EclipseLogger - skip non existing resourceDirectory C:\Users\kusha\Desktop\Capstonephase\bankportal\icin\src\test\resources
2021-06-07 22:44:18,202 [Worker-142: Building workspace] INFO  o.e.m.c.i.embedder.EclipseLogger - Using 'UTF-8' encoding to copy filtered resources.
2021-06-07 22:44:18,203 [Worker-142: Building workspace] INFO  o.e.m.c.i.embedder.EclipseLogger - Using 'UTF-8' encoding to copy filtered properties files.
2021-06-07 22:44:18,226 [Worker-142: Building workspace] INFO  o.e.m.c.i.embedder.EclipseLogger - Copying 1 resource
2021-06-07 22:44:18,347 [Worker-142: Building workspace] INFO  o.e.m.c.i.embedder.EclipseLogger - Copying 41 resources
2021-06-07 22:44:18,378 [Worker-142: Building workspace] INFO  o.e.m.c.i.embedder.EclipseLogger - Using 'UTF-8' encoding to copy filtered resources.
2021-06-07 22:44:18,378 [Worker-142: Building workspace] INFO  o.e.m.c.i.embedder.EclipseLogger - Using 'UTF-8' encoding to copy filtered properties files.
2021-06-07 22:44:18,379 [Worker-142: Building workspace] INFO  o.e.m.c.i.embedder.EclipseLogger - skip non existing resourceDirectory C:\Users\kusha\Desktop\Capstonephase\bankportal\icin\src\test\resources
2021-06-07 22:45:26,412 [Worker-153: Building workspace] INFO  o.e.m.c.i.embedder.EclipseLogger - Using 'UTF-8' encoding to copy filtered resources.
2021-06-07 22:45:26,413 [Worker-153: Building workspace] INFO  o.e.m.c.i.embedder.EclipseLogger - Using 'UTF-8' encoding to copy filtered properties files.
2021-06-07 22:45:26,422 [Worker-153: Building workspace] INFO  o.e.m.c.i.embedder.EclipseLogger - Copying 1 resource
2021-06-07 22:45:26,492 [Worker-153: Building workspace] INFO  o.e.m.c.i.embedder.EclipseLogger - Copying 41 resources
2021-06-07 22:45:26,525 [Worker-153: Building workspace] INFO  o.e.m.c.i.embedder.EclipseLogger - Using 'UTF-8' encoding to copy filtered resources.
2021-06-07 22:45:26,525 [Worker-153: Building workspace] INFO  o.e.m.c.i.embedder.EclipseLogger - Using 'UTF-8' encoding to copy filtered properties files.
2021-06-07 22:45:26,526 [Worker-153: Building workspace] INFO  o.e.m.c.i.embedder.EclipseLogger - skip non existing resourceDirectory C:\Users\kusha\Desktop\Capstonephase\bankportal\icin\src\test\resources
2021-06-07 22:47:44,385 [Worker-159: Building workspace] INFO  o.e.m.c.i.embedder.EclipseLogger - Using 'UTF-8' encoding to copy filtered resources.
2021-06-07 22:47:44,385 [Worker-159: Building workspace] INFO  o.e.m.c.i.embedder.EclipseLogger - Using 'UTF-8' encoding to copy filtered properties files.
2021-06-07 22:47:44,393 [Worker-159: Building workspace] INFO  o.e.m.c.i.embedder.EclipseLogger - Copying 1 resource
2021-06-07 22:47:44,424 [Worker-159: Building workspace] INFO  o.e.m.c.i.embedder.EclipseLogger - Copying 41 resources
2021-06-07 22:47:44,449 [Worker-159: Building workspace] INFO  o.e.m.c.i.embedder.EclipseLogger - Using 'UTF-8' encoding to copy filtered resources.
2021-06-07 22:47:44,449 [Worker-159: Building workspace] INFO  o.e.m.c.i.embedder.EclipseLogger - Using 'UTF-8' encoding to copy filtered properties files.
2021-06-07 22:47:44,449 [Worker-159: Building workspace] INFO  o.e.m.c.i.embedder.EclipseLogger - skip non existing resourceDirectory C:\Users\kusha\Desktop\Capstonephase\bankportal\icin\src\test\resources
2021-06-07 22:47:52,348 [Worker-155: Building workspace] INFO  o.e.m.c.i.embedder.EclipseLogger - Using 'UTF-8' encoding to copy filtered resources.
2021-06-07 22:47:52,349 [Worker-155: Building workspace] INFO  o.e.m.c.i.embedder.EclipseLogger - Using 'UTF-8' encoding to copy filtered properties files.
2021-06-07 22:47:52,357 [Worker-155: Building workspace] INFO  o.e.m.c.i.embedder.EclipseLogger - Copying 1 resource
2021-06-07 22:47:52,368 [Worker-155: Building workspace] INFO  o.e.m.c.i.embedder.EclipseLogger - Copying 41 resources
2021-06-07 22:47:52,389 [Worker-155: Building workspace] INFO  o.e.m.c.i.embedder.EclipseLogger - Using 'UTF-8' encoding to copy filtered resources.
2021-06-07 22:47:52,389 [Worker-155: Building workspace] INFO  o.e.m.c.i.embedder.EclipseLogger - Using 'UTF-8' encoding to copy filtered properties files.
2021-06-07 22:47:52,389 [Worker-155: Building workspace] INFO  o.e.m.c.i.embedder.EclipseLogger - skip non existing resourceDirectory C:\Users\kusha\Desktop\Capstonephase\bankportal\icin\src\test\resources
2021-06-07 22:50:04,782 [Worker-155: Building workspace] INFO  o.e.m.c.i.embedder.EclipseLogger - Using 'UTF-8' encoding to copy filtered resources.
2021-06-07 22:50:04,782 [Worker-155: Building workspace] INFO  o.e.m.c.i.embedder.EclipseLogger - Using 'UTF-8' encoding to copy filtered properties files.
2021-06-07 22:50:04,790 [Worker-155: Building workspace] INFO  o.e.m.c.i.embedder.EclipseLogger - Copying 1 resource
2021-06-07 22:50:04,829 [Worker-155: Building workspace] INFO  o.e.m.c.i.embedder.EclipseLogger - Copying 41 resources
2021-06-07 22:50:04,857 [Worker-155: Building workspace] INFO  o.e.m.c.i.embedder.EclipseLogger - Using 'UTF-8' encoding to copy filtered resources.
2021-06-07 22:50:04,857 [Worker-155: Building workspace] INFO  o.e.m.c.i.embedder.EclipseLogger - Using 'UTF-8' encoding to copy filtered properties files.
2021-06-07 22:50:04,857 [Worker-155: Building workspace] INFO  o.e.m.c.i.embedder.EclipseLogger - skip non existing resourceDirectory C:\Users\kusha\Desktop\Capstonephase\bankportal\icin\src\test\resources
2021-06-07 22:53:27,495 [Worker-159: Building workspace] INFO  o.e.m.c.i.embedder.EclipseLogger - Using 'UTF-8' encoding to copy filtered resources.
2021-06-07 22:53:27,495 [Worker-159: Building workspace] INFO  o.e.m.c.i.embedder.EclipseLogger - Using 'UTF-8' encoding to copy filtered properties files.
2021-06-07 22:53:27,503 [Worker-159: Building workspace] INFO  o.e.m.c.i.embedder.EclipseLogger - Copying 1 resource
2021-06-07 22:53:27,532 [Worker-159: Building workspace] INFO  o.e.m.c.i.embedder.EclipseLogger - Copying 41 resources
2021-06-07 22:53:27,551 [Worker-159: Building workspace] INFO  o.e.m.c.i.embedder.EclipseLogger - Using 'UTF-8' encoding to copy filtered resources.
2021-06-07 22:53:27,552 [Worker-159: Building workspace] INFO  o.e.m.c.i.embedder.EclipseLogger - Using 'UTF-8' encoding to copy filtered properties files.
2021-06-07 22:53:27,552 [Worker-159: Building workspace] INFO  o.e.m.c.i.embedder.EclipseLogger - skip non existing resourceDirectory C:\Users\kusha\Desktop\Capstonephase\bankportal\icin\src\test\resources
2021-06-12 12:39:09,446 [Worker-300: Building workspace] INFO  o.e.m.c.i.embedder.EclipseLogger - Using 'UTF-8' encoding to copy filtered resources.
2021-06-12 12:39:09,448 [Worker-300: Building workspace] INFO  o.e.m.c.i.embedder.EclipseLogger - Using 'UTF-8' encoding to copy filtered properties files.
2021-06-12 12:39:09,467 [Worker-300: Building workspace] INFO  o.e.m.c.i.embedder.EclipseLogger - Copying 1 resource
2021-06-12 12:39:09,548 [Worker-300: Building workspace] INFO  o.e.m.c.i.embedder.EclipseLogger - Copying 41 resources
2021-06-12 12:39:09,583 [Worker-300: Building workspace] INFO  o.e.m.c.i.embedder.EclipseLogger - Using 'UTF-8' encoding to copy filtered resources.
2021-06-12 12:39:09,583 [Worker-300: Building workspace] INFO  o.e.m.c.i.embedder.EclipseLogger - Using 'UTF-8' encoding to copy filtered properties files.
2021-06-12 12:39:09,583 [Worker-300: Building workspace] INFO  o.e.m.c.i.embedder.EclipseLogger - skip non existing resourceDirectory C:\Users\kusha\Desktop\Capstonephase\bankportal\icin\src\test\resources
2021-06-12 12:39:46,569 [Worker-300: Building workspace] INFO  o.e.m.c.i.embedder.EclipseLogger - Using 'UTF-8' encoding to copy filtered resources.
2021-06-12 12:39:46,569 [Worker-300: Building workspace] INFO  o.e.m.c.i.embedder.EclipseLogger - Using 'UTF-8' encoding to copy filtered properties files.
2021-06-12 12:39:46,575 [Worker-300: Building workspace] INFO  o.e.m.c.i.embedder.EclipseLogger - Copying 1 resource
2021-06-12 12:39:46,602 [Worker-300: Building workspace] INFO  o.e.m.c.i.embedder.EclipseLogger - Copying 41 resources
2021-06-12 12:39:46,630 [Worker-300: Building workspace] INFO  o.e.m.c.i.embedder.EclipseLogger - Using 'UTF-8' encoding to copy filtered resources.
2021-06-12 12:39:46,630 [Worker-300: Building workspace] INFO  o.e.m.c.i.embedder.EclipseLogger - Using 'UTF-8' encoding to copy filtered properties files.
2021-06-12 12:39:46,630 [Worker-300: Building workspace] INFO  o.e.m.c.i.embedder.EclipseLogger - skip non existing resourceDirectory C:\Users\kusha\Desktop\Capstonephase\bankportal\icin\src\test\resources
2021-06-12 12:44:17,849 [Worker-306: Building workspace] INFO  o.e.m.c.i.embedder.EclipseLogger - Using 'UTF-8' encoding to copy filtered resources.
2021-06-12 12:44:17,850 [Worker-306: Building workspace] INFO  o.e.m.c.i.embedder.EclipseLogger - Using 'UTF-8' encoding to copy filtered properties files.
2021-06-12 12:44:17,856 [Worker-306: Building workspace] INFO  o.e.m.c.i.embedder.EclipseLogger - Copying 1 resource
2021-06-12 12:44:17,913 [Worker-306: Building workspace] INFO  o.e.m.c.i.embedder.EclipseLogger - Copying 41 resources
2021-06-12 12:44:17,936 [Worker-306: Building workspace] INFO  o.e.m.c.i.embedder.EclipseLogger - Using 'UTF-8' encoding to copy filtered resources.
2021-06-12 12:44:17,936 [Worker-306: Building workspace] INFO  o.e.m.c.i.embedder.EclipseLogger - Using 'UTF-8' encoding to copy filtered properties files.
2021-06-12 12:44:17,937 [Worker-306: Building workspace] INFO  o.e.m.c.i.embedder.EclipseLogger - skip non existing resourceDirectory C:\Users\kusha\Desktop\Capstonephase\bankportal\icin\src\test\resources
2021-06-12 12:44:26,529 [Worker-305: Building workspace] INFO  o.e.m.c.i.embedder.EclipseLogger - Using 'UTF-8' encoding to copy filtered resources.
2021-06-12 12:44:26,529 [Worker-305: Building workspace] INFO  o.e.m.c.i.embedder.EclipseLogger - Using 'UTF-8' encoding to copy filtered properties files.
2021-06-12 12:44:26,536 [Worker-305: Building workspace] INFO  o.e.m.c.i.embedder.EclipseLogger - Copying 1 resource
2021-06-12 12:44:26,546 [Worker-305: Building workspace] INFO  o.e.m.c.i.embedder.EclipseLogger - Copying 41 resources
2021-06-12 12:44:26,566 [Worker-305: Building workspace] INFO  o.e.m.c.i.embedder.EclipseLogger - Using 'UTF-8' encoding to copy filtered resources.
2021-06-12 12:44:26,566 [Worker-305: Building workspace] INFO  o.e.m.c.i.embedder.EclipseLogger - Using 'UTF-8' encoding to copy filtered properties files.
2021-06-12 12:44:26,566 [Worker-305: Building workspace] INFO  o.e.m.c.i.embedder.EclipseLogger - skip non existing resourceDirectory C:\Users\kusha\Desktop\Capstonephase\bankportal\icin\src\test\resources
2021-06-12 12:46:52,783 [Worker-307: Building workspace] INFO  o.e.m.c.i.embedder.EclipseLogger - Using 'UTF-8' encoding to copy filtered resources.
2021-06-12 12:46:52,783 [Worker-307: Building workspace] INFO  o.e.m.c.i.embedder.EclipseLogger - Using 'UTF-8' encoding to copy filtered properties files.
2021-06-12 12:46:52,790 [Worker-307: Building workspace] INFO  o.e.m.c.i.embedder.EclipseLogger - Copying 1 resource
2021-06-12 12:46:52,804 [Worker-307: Building workspace] INFO  o.e.m.c.i.embedder.EclipseLogger - Copying 41 resources
2021-06-12 12:46:52,831 [Worker-307: Building workspace] INFO  o.e.m.c.i.embedder.EclipseLogger - Using 'UTF-8' encoding to copy filtered resources.
2021-06-12 12:46:52,831 [Worker-307: Building workspace] INFO  o.e.m.c.i.embedder.EclipseLogger - Using 'UTF-8' encoding to copy filtered properties files.
2021-06-12 12:46:52,831 [Worker-307: Building workspace] INFO  o.e.m.c.i.embedder.EclipseLogger - skip non existing resourceDirectory C:\Users\kusha\Desktop\Capstonephase\bankportal\icin\src\test\resources
2021-06-12 12:51:51,859 [Worker-304: Building workspace] INFO  o.e.m.c.i.embedder.EclipseLogger - Using 'UTF-8' encoding to copy filtered resources.
2021-06-12 12:51:51,859 [Worker-304: Building workspace] INFO  o.e.m.c.i.embedder.EclipseLogger - Using 'UTF-8' encoding to copy filtered properties files.
2021-06-12 12:51:51,868 [Worker-304: Building workspace] INFO  o.e.m.c.i.embedder.EclipseLogger - Copying 1 resource
2021-06-12 12:51:51,915 [Worker-304: Building workspace] INFO  o.e.m.c.i.embedder.EclipseLogger - Copying 41 resources
2021-06-12 12:51:51,950 [Worker-304: Building workspace] INFO  o.e.m.c.i.embedder.EclipseLogger - Using 'UTF-8' encoding to copy filtered resources.
2021-06-12 12:51:51,950 [Worker-304: Building workspace] INFO  o.e.m.c.i.embedder.EclipseLogger - Using 'UTF-8' encoding to copy filtered properties files.
2021-06-12 12:51:51,950 [Worker-304: Building workspace] INFO  o.e.m.c.i.embedder.EclipseLogger - skip non existing resourceDirectory C:\Users\kusha\Desktop\Capstonephase\bankportal\icin\src\test\resources
2021-06-12 14:39:22,623 [Worker-337: Building workspace] INFO  o.e.m.c.i.embedder.EclipseLogger - Using 'UTF-8' encoding to copy filtered resources.
2021-06-12 14:39:22,625 [Worker-337: Building workspace] INFO  o.e.m.c.i.embedder.EclipseLogger - Using 'UTF-8' encoding to copy filtered properties files.
2021-06-12 14:39:22,637 [Worker-337: Building workspace] INFO  o.e.m.c.i.embedder.EclipseLogger - Copying 1 resource
2021-06-12 14:39:22,714 [Worker-337: Building workspace] INFO  o.e.m.c.i.embedder.EclipseLogger - Copying 41 resources
2021-06-12 14:39:22,747 [Worker-337: Building workspace] INFO  o.e.m.c.i.embedder.EclipseLogger - Using 'UTF-8' encoding to copy filtered resources.
2021-06-12 14:39:22,747 [Worker-337: Building workspace] INFO  o.e.m.c.i.embedder.EclipseLogger - Using 'UTF-8' encoding to copy filtered properties files.
2021-06-12 14:39:22,747 [Worker-337: Building workspace] INFO  o.e.m.c.i.embedder.EclipseLogger - skip non existing resourceDirectory C:\Users\kusha\Desktop\Capstonephase\bankportal\icin\src\test\resources
2021-06-12 14:41:29,461 [Worker-340: Building workspace] INFO  o.e.m.c.i.embedder.EclipseLogger - Using 'UTF-8' encoding to copy filtered resources.
2021-06-12 14:41:29,461 [Worker-340: Building workspace] INFO  o.e.m.c.i.embedder.EclipseLogger - Using 'UTF-8' encoding to copy filtered properties files.
2021-06-12 14:41:29,468 [Worker-340: Building workspace] INFO  o.e.m.c.i.embedder.EclipseLogger - Copying 1 resource
2021-06-12 14:41:29,486 [Worker-340: Building workspace] INFO  o.e.m.c.i.embedder.EclipseLogger - Copying 41 resources
2021-06-12 14:41:29,509 [Worker-340: Building workspace] INFO  o.e.m.c.i.embedder.EclipseLogger - Using 'UTF-8' encoding to copy filtered resources.
2021-06-12 14:41:29,509 [Worker-340: Building workspace] INFO  o.e.m.c.i.embedder.EclipseLogger - Using 'UTF-8' encoding to copy filtered properties files.
2021-06-12 14:41:29,510 [Worker-340: Building workspace] INFO  o.e.m.c.i.embedder.EclipseLogger - skip non existing resourceDirectory C:\Users\kusha\Desktop\Capstonephase\bankportal\icin\src\test\resources
2021-06-12 21:39:42,173 [Worker-433: Building workspace] INFO  o.e.m.c.i.embedder.EclipseLogger - Using 'UTF-8' encoding to copy filtered resources.
2021-06-12 21:39:42,177 [Worker-433: Building workspace] INFO  o.e.m.c.i.embedder.EclipseLogger - Using 'UTF-8' encoding to copy filtered properties files.
2021-06-12 21:39:42,195 [Worker-433: Building workspace] INFO  o.e.m.c.i.embedder.EclipseLogger - Copying 1 resource
2021-06-12 21:39:42,278 [Worker-433: Building workspace] INFO  o.e.m.c.i.embedder.EclipseLogger - Copying 41 resources
2021-06-12 21:39:42,312 [Worker-433: Building workspace] INFO  o.e.m.c.i.embedder.EclipseLogger - Using 'UTF-8' encoding to copy filtered resources.
2021-06-12 21:39:42,312 [Worker-433: Building workspace] INFO  o.e.m.c.i.embedder.EclipseLogger - Using 'UTF-8' encoding to copy filtered properties files.
2021-06-12 21:39:42,312 [Worker-433: Building workspace] INFO  o.e.m.c.i.embedder.EclipseLogger - skip non existing resourceDirectory C:\Users\kusha\Desktop\Capstonephase\bankportal\icin\src\test\resources
2021-06-12 21:39:59,613 [Worker-433: Building workspace] INFO  o.e.m.c.i.embedder.EclipseLogger - Using 'UTF-8' encoding to copy filtered resources.
2021-06-12 21:39:59,614 [Worker-433: Building workspace] INFO  o.e.m.c.i.embedder.EclipseLogger - Using 'UTF-8' encoding to copy filtered properties files.
2021-06-12 21:39:59,621 [Worker-433: Building workspace] INFO  o.e.m.c.i.embedder.EclipseLogger - Copying 1 resource
2021-06-12 21:39:59,682 [Worker-433: Building workspace] INFO  o.e.m.c.i.embedder.EclipseLogger - Copying 41 resources
2021-06-12 21:39:59,703 [Worker-433: Building workspace] INFO  o.e.m.c.i.embedder.EclipseLogger - Using 'UTF-8' encoding to copy filtered resources.
2021-06-12 21:39:59,703 [Worker-433: Building workspace] INFO  o.e.m.c.i.embedder.EclipseLogger - Using 'UTF-8' encoding to copy filtered properties files.
2021-06-12 21:39:59,703 [Worker-433: Building workspace] INFO  o.e.m.c.i.embedder.EclipseLogger - skip non existing resourceDirectory C:\Users\kusha\Desktop\Capstonephase\bankportal\icin\src\test\resources
2021-06-12 21:40:01,984 [Worker-433: Building workspace] INFO  o.e.m.c.i.embedder.EclipseLogger - Using 'UTF-8' encoding to copy filtered resources.
2021-06-12 21:40:01,984 [Worker-433: Building workspace] INFO  o.e.m.c.i.embedder.EclipseLogger - Using 'UTF-8' encoding to copy filtered properties files.
2021-06-12 21:40:01,991 [Worker-433: Building workspace] INFO  o.e.m.c.i.embedder.EclipseLogger - Copying 1 resource
2021-06-12 21:40:02,012 [Worker-433: Building workspace] INFO  o.e.m.c.i.embedder.EclipseLogger - Copying 41 resources
2021-06-12 21:40:02,031 [Worker-433: Building workspace] INFO  o.e.m.c.i.embedder.EclipseLogger - Using 'UTF-8' encoding to copy filtered resources.
2021-06-12 21:40:02,031 [Worker-433: Building workspace] INFO  o.e.m.c.i.embedder.EclipseLogger - Using 'UTF-8' encoding to copy filtered properties files.
2021-06-12 21:40:02,031 [Worker-433: Building workspace] INFO  o.e.m.c.i.embedder.EclipseLogger - skip non existing resourceDirectory C:\Users\kusha\Desktop\Capstonephase\bankportal\icin\src\test\resources
2021-06-12 21:42:28,094 [Worker-434: Building workspace] INFO  o.e.m.c.i.embedder.EclipseLogger - Using 'UTF-8' encoding to copy filtered resources.
2021-06-12 21:42:28,095 [Worker-434: Building workspace] INFO  o.e.m.c.i.embedder.EclipseLogger - Using 'UTF-8' encoding to copy filtered properties files.
2021-06-12 21:42:28,101 [Worker-434: Building workspace] INFO  o.e.m.c.i.embedder.EclipseLogger - Copying 1 resource
2021-06-12 21:42:28,118 [Worker-434: Building workspace] INFO  o.e.m.c.i.embedder.EclipseLogger - Copying 41 resources
2021-06-12 21:42:28,137 [Worker-434: Building workspace] INFO  o.e.m.c.i.embedder.EclipseLogger - Using 'UTF-8' encoding to copy filtered resources.
2021-06-12 21:42:28,137 [Worker-434: Building workspace] INFO  o.e.m.c.i.embedder.EclipseLogger - Using 'UTF-8' encoding to copy filtered properties files.
2021-06-12 21:42:28,137 [Worker-434: Building workspace] INFO  o.e.m.c.i.embedder.EclipseLogger - skip non existing resourceDirectory C:\Users\kusha\Desktop\Capstonephase\bankportal\icin\src\test\resources
2021-06-12 21:42:43,359 [Worker-436: Building workspace] INFO  o.e.m.c.i.embedder.EclipseLogger - Using 'UTF-8' encoding to copy filtered resources.
2021-06-12 21:42:43,359 [Worker-436: Building workspace] INFO  o.e.m.c.i.embedder.EclipseLogger - Using 'UTF-8' encoding to copy filtered properties files.
2021-06-12 21:42:43,366 [Worker-436: Building workspace] INFO  o.e.m.c.i.embedder.EclipseLogger - Copying 1 resource
2021-06-12 21:42:43,386 [Worker-436: Building workspace] INFO  o.e.m.c.i.embedder.EclipseLogger - Copying 41 resources
2021-06-12 21:42:43,406 [Worker-436: Building workspace] INFO  o.e.m.c.i.embedder.EclipseLogger - Using 'UTF-8' encoding to copy filtered resources.
2021-06-12 21:42:43,406 [Worker-436: Building workspace] INFO  o.e.m.c.i.embedder.EclipseLogger - Using 'UTF-8' encoding to copy filtered properties files.
2021-06-12 21:42:43,406 [Worker-436: Building workspace] INFO  o.e.m.c.i.embedder.EclipseLogger - skip non existing resourceDirectory C:\Users\kusha\Desktop\Capstonephase\bankportal\icin\src\test\resources
2021-06-12 23:27:15,036 [Worker-454: Building workspace] INFO  o.e.m.c.i.embedder.EclipseLogger - Using 'UTF-8' encoding to copy filtered resources.
2021-06-12 23:27:15,044 [Worker-454: Building workspace] INFO  o.e.m.c.i.embedder.EclipseLogger - Using 'UTF-8' encoding to copy filtered properties files.
2021-06-12 23:27:15,075 [Worker-454: Building workspace] INFO  o.e.m.c.i.embedder.EclipseLogger - Copying 1 resource
2021-06-12 23:27:15,463 [Worker-454: Building workspace] INFO  o.e.m.c.i.embedder.EclipseLogger - Copying 41 resources
2021-06-12 23:27:15,490 [Worker-454: Building workspace] INFO  o.e.m.c.i.embedder.EclipseLogger - Using 'UTF-8' encoding to copy filtered resources.
2021-06-12 23:27:15,490 [Worker-454: Building workspace] INFO  o.e.m.c.i.embedder.EclipseLogger - Using 'UTF-8' encoding to copy filtered properties files.
2021-06-12 23:27:15,491 [Worker-454: Building workspace] INFO  o.e.m.c.i.embedder.EclipseLogger - skip non existing resourceDirectory C:\Users\kusha\Desktop\Capstonephase\bankportal\icin\src\test\resources
2021-06-12 23:40:17,863 [Worker-466: Building workspace] INFO  o.e.m.c.i.embedder.EclipseLogger - Using 'UTF-8' encoding to copy filtered resources.
2021-06-12 23:40:17,863 [Worker-466: Building workspace] INFO  o.e.m.c.i.embedder.EclipseLogger - Using 'UTF-8' encoding to copy filtered properties files.
2021-06-12 23:40:17,874 [Worker-466: Building workspace] INFO  o.e.m.c.i.embedder.EclipseLogger - Copying 1 resource
2021-06-12 23:40:17,959 [Worker-466: Building workspace] INFO  o.e.m.c.i.embedder.EclipseLogger - Copying 41 resources
2021-06-12 23:40:17,986 [Worker-466: Building workspace] INFO  o.e.m.c.i.embedder.EclipseLogger - Using 'UTF-8' encoding to copy filtered resources.
2021-06-12 23:40:17,986 [Worker-466: Building workspace] INFO  o.e.m.c.i.embedder.EclipseLogger - Using 'UTF-8' encoding to copy filtered properties files.
2021-06-12 23:40:17,986 [Worker-466: Building workspace] INFO  o.e.m.c.i.embedder.EclipseLogger - skip non existing resourceDirectory C:\Users\kusha\Desktop\Capstonephase\bankportal\icin\src\test\resources
2021-06-13 13:15:35,053 [Worker-505: Building workspace] INFO  o.e.m.c.i.embedder.EclipseLogger - Using 'UTF-8' encoding to copy filtered resources.
2021-06-13 13:15:35,057 [Worker-505: Building workspace] INFO  o.e.m.c.i.embedder.EclipseLogger - Using 'UTF-8' encoding to copy filtered properties files.
2021-06-13 13:15:35,091 [Worker-505: Building workspace] INFO  o.e.m.c.i.embedder.EclipseLogger - Copying 1 resource
2021-06-13 13:15:35,287 [Worker-505: Building workspace] INFO  o.e.m.c.i.embedder.EclipseLogger - Copying 41 resources
2021-06-13 13:15:35,330 [Worker-505: Building workspace] INFO  o.e.m.c.i.embedder.EclipseLogger - Using 'UTF-8' encoding to copy filtered resources.
2021-06-13 13:15:35,330 [Worker-505: Building workspace] INFO  o.e.m.c.i.embedder.EclipseLogger - Using 'UTF-8' encoding to copy filtered properties files.
2021-06-13 13:15:35,331 [Worker-505: Building workspace] INFO  o.e.m.c.i.embedder.EclipseLogger - skip non existing resourceDirectory C:\Users\kusha\Desktop\Capstonephase\bankportal\icin\src\test\resources
2021-06-13 13:17:22,349 [Worker-509: Building workspace] INFO  o.e.m.c.i.embedder.EclipseLogger - Using 'UTF-8' encoding to copy filtered resources.
2021-06-13 13:17:22,349 [Worker-509: Building workspace] INFO  o.e.m.c.i.embedder.EclipseLogger - Using 'UTF-8' encoding to copy filtered properties files.
2021-06-13 13:17:22,359 [Worker-509: Building workspace] INFO  o.e.m.c.i.embedder.EclipseLogger - Copying 1 resource
2021-06-13 13:17:22,514 [Worker-509: Building workspace] INFO  o.e.m.c.i.embedder.EclipseLogger - Copying 41 resources
2021-06-13 13:17:22,538 [Worker-509: Building workspace] INFO  o.e.m.c.i.embedder.EclipseLogger - Using 'UTF-8' encoding to copy filtered resources.
2021-06-13 13:17:22,538 [Worker-509: Building workspace] INFO  o.e.m.c.i.embedder.EclipseLogger - Using 'UTF-8' encoding to copy filtered properties files.
2021-06-13 13:17:22,538 [Worker-509: Building workspace] INFO  o.e.m.c.i.embedder.EclipseLogger - skip non existing resourceDirectory C:\Users\kusha\Desktop\Capstonephase\bankportal\icin\src\test\resources
2021-06-13 14:03:27,453 [Worker-522: Building workspace] INFO  o.e.m.c.i.embedder.EclipseLogger - Using 'UTF-8' encoding to copy filtered resources.
2021-06-13 14:03:27,453 [Worker-522: Building workspace] INFO  o.e.m.c.i.embedder.EclipseLogger - Using 'UTF-8' encoding to copy filtered properties files.
2021-06-13 14:03:27,473 [Worker-522: Building workspace] INFO  o.e.m.c.i.embedder.EclipseLogger - Copying 1 resource
2021-06-13 14:03:27,560 [Worker-522: Building workspace] INFO  o.e.m.c.i.embedder.EclipseLogger - Copying 41 resources
2021-06-13 14:03:27,589 [Worker-522: Building workspace] INFO  o.e.m.c.i.embedder.EclipseLogger - Using 'UTF-8' encoding to copy filtered resources.
2021-06-13 14:03:27,589 [Worker-522: Building workspace] INFO  o.e.m.c.i.embedder.EclipseLogger - Using 'UTF-8' encoding to copy filtered properties files.
2021-06-13 14:03:27,589 [Worker-522: Building workspace] INFO  o.e.m.c.i.embedder.EclipseLogger - skip non existing resourceDirectory C:\Users\kusha\Desktop\Capstonephase\bankportal\icin\src\test\resources
2021-06-13 14:04:53,844 [Worker-524: Building workspace] INFO  o.e.m.c.i.embedder.EclipseLogger - Using 'UTF-8' encoding to copy filtered resources.
2021-06-13 14:04:53,845 [Worker-524: Building workspace] INFO  o.e.m.c.i.embedder.EclipseLogger - Using 'UTF-8' encoding to copy filtered properties files.
2021-06-13 14:04:53,851 [Worker-524: Building workspace] INFO  o.e.m.c.i.embedder.EclipseLogger - Copying 1 resource
2021-06-13 14:04:53,884 [Worker-524: Building workspace] INFO  o.e.m.c.i.embedder.EclipseLogger - Copying 41 resources
2021-06-13 14:04:53,906 [Worker-524: Building workspace] INFO  o.e.m.c.i.embedder.EclipseLogger - Using 'UTF-8' encoding to copy filtered resources.
2021-06-13 14:04:53,906 [Worker-524: Building workspace] INFO  o.e.m.c.i.embedder.EclipseLogger - Using 'UTF-8' encoding to copy filtered properties files.
2021-06-13 14:04:53,906 [Worker-524: Building workspace] INFO  o.e.m.c.i.embedder.EclipseLogger - skip non existing resourceDirectory C:\Users\kusha\Desktop\Capstonephase\bankportal\icin\src\test\resources
2021-06-13 14:09:10,841 [Worker-527: Building workspace] INFO  o.e.m.c.i.embedder.EclipseLogger - Using 'UTF-8' encoding to copy filtered resources.
2021-06-13 14:09:10,841 [Worker-527: Building workspace] INFO  o.e.m.c.i.embedder.EclipseLogger - Using 'UTF-8' encoding to copy filtered properties files.
2021-06-13 14:09:10,849 [Worker-527: Building workspace] INFO  o.e.m.c.i.embedder.EclipseLogger - Copying 1 resource
2021-06-13 14:09:10,882 [Worker-527: Building workspace] INFO  o.e.m.c.i.embedder.EclipseLogger - Copying 41 resources
2021-06-13 14:09:10,906 [Worker-527: Building workspace] INFO  o.e.m.c.i.embedder.EclipseLogger - Using 'UTF-8' encoding to copy filtered resources.
2021-06-13 14:09:10,906 [Worker-527: Building workspace] INFO  o.e.m.c.i.embedder.EclipseLogger - Using 'UTF-8' encoding to copy filtered properties files.
2021-06-13 14:09:10,906 [Worker-527: Building workspace] INFO  o.e.m.c.i.embedder.EclipseLogger - skip non existing resourceDirectory C:\Users\kusha\Desktop\Capstonephase\bankportal\icin\src\test\resources
2021-06-13 15:37:36,286 [Worker-556: Building workspace] INFO  o.e.m.c.i.embedder.EclipseLogger - Using 'UTF-8' encoding to copy filtered resources.
2021-06-13 15:37:36,291 [Worker-556: Building workspace] INFO  o.e.m.c.i.embedder.EclipseLogger - Using 'UTF-8' encoding to copy filtered properties files.
2021-06-13 15:37:36,306 [Worker-556: Building workspace] INFO  o.e.m.c.i.embedder.EclipseLogger - Copying 0 resource
2021-06-13 15:37:36,306 [Worker-556: Building workspace] INFO  o.e.m.c.i.embedder.EclipseLogger - Copying 1 resource
2021-06-13 15:37:36,321 [Worker-556: Building workspace] INFO  o.e.m.c.i.embedder.EclipseLogger - Using 'UTF-8' encoding to copy filtered resources.
2021-06-13 15:37:36,321 [Worker-556: Building workspace] INFO  o.e.m.c.i.embedder.EclipseLogger - Using 'UTF-8' encoding to copy filtered properties files.
2021-06-13 15:37:36,321 [Worker-556: Building workspace] INFO  o.e.m.c.i.embedder.EclipseLogger - skip non existing resourceDirectory C:\Users\kusha\Desktop\Capstonephase\bankportal\icin\src\test\resources
2021-06-13 15:39:36,704 [Worker-560: Building workspace] INFO  o.e.m.c.i.embedder.EclipseLogger - Using 'UTF-8' encoding to copy filtered resources.
2021-06-13 15:39:36,705 [Worker-560: Building workspace] INFO  o.e.m.c.i.embedder.EclipseLogger - Using 'UTF-8' encoding to copy filtered properties files.
2021-06-13 15:39:36,706 [Worker-560: Building workspace] INFO  o.e.m.c.i.embedder.EclipseLogger - Copying 0 resource
2021-06-13 15:39:36,708 [Worker-560: Building workspace] INFO  o.e.m.c.i.embedder.EclipseLogger - Copying 1 resource
2021-06-13 15:39:36,727 [Worker-560: Building workspace] INFO  o.e.m.c.i.embedder.EclipseLogger - Using 'UTF-8' encoding to copy filtered resources.
2021-06-13 15:39:36,728 [Worker-560: Building workspace] INFO  o.e.m.c.i.embedder.EclipseLogger - Using 'UTF-8' encoding to copy filtered properties files.
2021-06-13 15:39:36,729 [Worker-560: Building workspace] INFO  o.e.m.c.i.embedder.EclipseLogger - skip non existing resourceDirectory C:\Users\kusha\Desktop\Capstonephase\bankportal\icin\src\test\resources
2021-06-13 15:42:14,035 [Worker-560: Building workspace] INFO  o.e.m.c.i.embedder.EclipseLogger - Using 'UTF-8' encoding to copy filtered resources.
2021-06-13 15:42:14,035 [Worker-560: Building workspace] INFO  o.e.m.c.i.embedder.EclipseLogger - Using 'UTF-8' encoding to copy filtered properties files.
2021-06-13 15:42:14,035 [Worker-560: Building workspace] INFO  o.e.m.c.i.embedder.EclipseLogger - Copying 0 resource
2021-06-13 15:42:14,036 [Worker-560: Building workspace] INFO  o.e.m.c.i.embedder.EclipseLogger - Copying 0 resource
2021-06-13 15:42:14,038 [Worker-560: Building workspace] INFO  o.e.m.c.i.embedder.EclipseLogger - Using 'UTF-8' encoding to copy filtered resources.
2021-06-13 15:42:14,038 [Worker-560: Building workspace] INFO  o.e.m.c.i.embedder.EclipseLogger - Using 'UTF-8' encoding to copy filtered properties files.
2021-06-13 15:42:14,039 [Worker-560: Building workspace] INFO  o.e.m.c.i.embedder.EclipseLogger - skip non existing resourceDirectory C:\Users\kusha\Desktop\Capstonephase\bankportal\icin\src\test\resources
2021-06-13 19:21:46,254 [Worker-583: Building workspace] INFO  o.e.m.c.i.embedder.EclipseLogger - Using 'UTF-8' encoding to copy filtered resources.
2021-06-13 19:21:46,258 [Worker-583: Building workspace] INFO  o.e.m.c.i.embedder.EclipseLogger - Using 'UTF-8' encoding to copy filtered properties files.
2021-06-13 19:21:46,278 [Worker-583: Building workspace] INFO  o.e.m.c.i.embedder.EclipseLogger - Copying 1 resource
2021-06-13 19:21:46,922 [Worker-583: Building workspace] INFO  o.e.m.c.i.embedder.EclipseLogger - Copying 41 resources
2021-06-13 19:21:47,033 [Worker-583: Building workspace] INFO  o.e.m.c.i.embedder.EclipseLogger - Using 'UTF-8' encoding to copy filtered resources.
2021-06-13 19:21:47,033 [Worker-583: Building workspace] INFO  o.e.m.c.i.embedder.EclipseLogger - Using 'UTF-8' encoding to copy filtered properties files.
2021-06-13 19:21:47,034 [Worker-583: Building workspace] INFO  o.e.m.c.i.embedder.EclipseLogger - skip non existing resourceDirectory C:\Users\kusha\Desktop\Capstonephase\bankportal\icin\src\test\resources
2021-06-18 15:50:06,353 [Worker-6: Loading available Gradle versions] INFO  o.e.b.c.i.u.g.PublishedGradleVersions - Gradle version information cache is out-of-date. Trying to update.
2021-06-18 15:50:16,083 [Worker-11: Building workspace] INFO  o.e.m.c.i.embedder.EclipseLogger - Using 'UTF-8' encoding to copy filtered resources.
2021-06-18 15:50:16,084 [Worker-11: Building workspace] INFO  o.e.m.c.i.embedder.EclipseLogger - Using 'UTF-8' encoding to copy filtered properties files.
2021-06-18 15:50:16,095 [Worker-11: Building workspace] INFO  o.e.m.c.i.embedder.EclipseLogger - Copying 1 resource
2021-06-18 15:50:16,136 [Worker-11: Building workspace] INFO  o.e.m.c.i.embedder.EclipseLogger - Copying 41 resources
2021-06-18 15:50:16,431 [Worker-11: Building workspace] INFO  o.e.m.c.i.embedder.EclipseLogger - Using 'UTF-8' encoding to copy filtered resources.
2021-06-18 15:50:16,431 [Worker-11: Building workspace] INFO  o.e.m.c.i.embedder.EclipseLogger - Using 'UTF-8' encoding to copy filtered properties files.
2021-06-18 15:50:16,432 [Worker-11: Building workspace] INFO  o.e.m.c.i.embedder.EclipseLogger - skip non existing resourceDirectory C:\Users\kusha\Desktop\Capstonephase\bankportal\icin\src\test\resources
2021-06-18 17:00:55,451 [Worker-45: Building workspace] INFO  o.e.m.c.i.embedder.EclipseLogger - Using 'UTF-8' encoding to copy filtered resources.
2021-06-18 17:00:55,452 [Worker-45: Building workspace] INFO  o.e.m.c.i.embedder.EclipseLogger - Using 'UTF-8' encoding to copy filtered properties files.
2021-06-18 17:00:55,453 [Worker-45: Building workspace] INFO  o.e.m.c.i.embedder.EclipseLogger - Copying 0 resource
2021-06-18 17:00:55,454 [Worker-45: Building workspace] INFO  o.e.m.c.i.embedder.EclipseLogger - Copying 0 resource
2021-06-18 17:00:55,458 [Worker-45: Building workspace] INFO  o.e.m.c.i.embedder.EclipseLogger - Using 'UTF-8' encoding to copy filtered resources.
2021-06-18 17:00:55,458 [Worker-45: Building workspace] INFO  o.e.m.c.i.embedder.EclipseLogger - Using 'UTF-8' encoding to copy filtered properties files.
2021-06-18 17:00:55,458 [Worker-45: Building workspace] INFO  o.e.m.c.i.embedder.EclipseLogger - skip non existing resourceDirectory C:\Users\kusha\Desktop\Capstonephase\bankportal\icin\src\test\resources
2021-06-18 17:05:06,307 [Worker-49: Building workspace] INFO  o.e.m.c.i.embedder.EclipseLogger - Using 'UTF-8' encoding to copy filtered resources.
2021-06-18 17:05:06,311 [Worker-49: Building workspace] INFO  o.e.m.c.i.embedder.EclipseLogger - Using 'UTF-8' encoding to copy filtered properties files.
2021-06-18 17:05:06,311 [Worker-49: Building workspace] INFO  o.e.m.c.i.embedder.EclipseLogger - Copying 0 resource
2021-06-18 17:05:06,311 [Worker-49: Building workspace] INFO  o.e.m.c.i.embedder.EclipseLogger - Copying 0 resource
2021-06-18 17:05:06,313 [Worker-49: Building workspace] INFO  o.e.m.c.i.embedder.EclipseLogger - Using 'UTF-8' encoding to copy filtered resources.
2021-06-18 17:05:06,313 [Worker-49: Building workspace] INFO  o.e.m.c.i.embedder.EclipseLogger - Using 'UTF-8' encoding to copy filtered properties files.
2021-06-18 17:05:06,313 [Worker-49: Building workspace] INFO  o.e.m.c.i.embedder.EclipseLogger - skip non existing resourceDirectory C:\Users\kusha\Desktop\Capstonephase\bankportal\icin\src\test\resources
2021-06-18 17:13:28,412 [Worker-51: Building workspace] INFO  o.e.m.c.i.embedder.EclipseLogger - Using 'UTF-8' encoding to copy filtered resources.
2021-06-18 17:13:28,412 [Worker-51: Building workspace] INFO  o.e.m.c.i.embedder.EclipseLogger - Using 'UTF-8' encoding to copy filtered properties files.
2021-06-18 17:13:28,412 [Worker-51: Building workspace] INFO  o.e.m.c.i.embedder.EclipseLogger - Copying 0 resource
2021-06-18 17:13:28,414 [Worker-51: Building workspace] INFO  o.e.m.c.i.embedder.EclipseLogger - Copying 0 resource
2021-06-18 17:13:28,416 [Worker-51: Building workspace] INFO  o.e.m.c.i.embedder.EclipseLogger - Using 'UTF-8' encoding to copy filtered resources.
2021-06-18 17:13:28,416 [Worker-51: Building workspace] INFO  o.e.m.c.i.embedder.EclipseLogger - Using 'UTF-8' encoding to copy filtered properties files.
2021-06-18 17:13:28,417 [Worker-51: Building workspace] INFO  o.e.m.c.i.embedder.EclipseLogger - skip non existing resourceDirectory C:\Users\kusha\Desktop\Capstonephase\bankportal\icin\src\test\resources
2021-06-19 19:45:44,899 [Worker-151: Building workspace] INFO  o.e.m.c.i.embedder.EclipseLogger - Using 'UTF-8' encoding to copy filtered resources.
2021-06-19 19:45:44,899 [Worker-151: Building workspace] INFO  o.e.m.c.i.embedder.EclipseLogger - Using 'UTF-8' encoding to copy filtered properties files.
2021-06-19 19:45:44,899 [Worker-151: Building workspace] INFO  o.e.m.c.i.embedder.EclipseLogger - Copying 0 resource
2021-06-19 19:45:44,899 [Worker-151: Building workspace] INFO  o.e.m.c.i.embedder.EclipseLogger - Copying 0 resource
2021-06-19 19:45:44,902 [Worker-151: Building workspace] INFO  o.e.m.c.i.embedder.EclipseLogger - Using 'UTF-8' encoding to copy filtered resources.
2021-06-19 19:45:44,902 [Worker-151: Building workspace] INFO  o.e.m.c.i.embedder.EclipseLogger - Using 'UTF-8' encoding to copy filtered properties files.
2021-06-19 19:45:44,902 [Worker-151: Building workspace] INFO  o.e.m.c.i.embedder.EclipseLogger - skip non existing resourceDirectory C:\Users\kusha\Desktop\Capstonephase\bankportal\icin\src\test\resources
